This is LuaHBTeX, Version 1.18.0 (TeX Live 2025/dev/Debian)  (format=lualatex 2026.2.2)  12 FEB 2026 02:34
 restricted system commands enabled.
 file:line:error style messages enabled.
**/home/donphi/code/cv/engine/preamble
(/home/donphi/code/cv/engine/preamble.tex
LaTeX2e <2024-11-01> patch level 2
L3 programming layer <2025-01-18>
[\directlua]:1: module 'luaotfload-main' not found:
	no field package.preload['luaotfload-main']
	[kpse lua searcher] file not found: 'luaotfload-main'
Error in luaotfload: reverting to OT1
Inserting `tracingstacklevels' in `input_level_string'.

! LaTeX Error: File `generated/settings.tex' not found.

Type X to quit or <RETURN> to proceed,
or enter new name. (Default extension: tex)

Enter file name: 
/home/donphi/code/cv/engine/preamble.tex:34: Emergency stop.
<read *> 
   
l.34 \input{generated/settings.tex}
                                 
*** (cannot \read from terminal in nonstop modes)



Here is how much of LuaTeX's memory you used:
 19 strings out of 475512
 100000,552014 words of node,token memory allocated 275 words of node memory still in use:
   1 hlist, 1 dir, 39 glue_spec nodes
   avail lists: 2:12,3:3,4:1
 23143 multiletter control sequences out of 65536+600000
 14 fonts using 591679 bytes
 16i,0n,26p,125b,18s stack positions out of 10000i,1000n,20000p,200000b,200000s
/home/donphi/code/cv/engine/preamble.tex:34:  ==> Fatal error occurred, no output PDF file produced!
